[LOG] System::create                           : Header version = 1.10.12. Current version = 1.10.12.
[LOG] Manager::init                            : maxchannels = 256 studioflags = 00000006 flags 00000000 extradriverdata 0000000000000000.
[LOG] SystemI::init                            : Initialize version=11012 (101101), maxchannels=256, flags=0x00020000
[LOG] SystemI::setOutputInternal               : Setting output to 'FMOD WASAPI Output'
[LOG] OutputWASAPI::init                       : Mix Format (WAVEFORMATEX): wFormatTag=0xFFFE, nChannels=8, nSamplesPerSec=48000, nAvgBytesPerSec=1536000, nBlockAlign=32, wBitsPerSample=32, cbSize=22.
[LOG] OutputWASAPI::init                       : Mix Format (WAVEFORMATEXTENSIBLE): wValidBitsPerSample=32, dwChannelMask=0x0000063F, SubFormat=00000003-0000-0010-8000-00AA00389B71.
[LOG] OutputWASAPI::init                       : Output buffer size: 4096 samples, latency: 0.00ms, period: 10.00ms, DSP buffer: 1024 * 4
[LOG] DownMix::init                            : dspbuffersize: 1024  rate: 48000. output speaker mode: 7, input speaker mode 3
[LOG] DownMix::init                            : done.
[LOG] Thread::initThread                       : Init FMOD stream thread. Priority: 2, Stack Size: 65536, Semaphore: No, Sleep Time: 10, Looping: Yes.
[LOG] Thread::initThread                       : Init FMOD mixer thread. Priority: 3, Stack Size: 49152, Semaphore: No, Sleep Time: 0, Looping: Yes.
[LOG] AsyncManager::init                       : manager 0000000059E271C8 isAsync 0 updatePeriod 0.02
[LOG] AsyncManager::init                       : done
[LOG] PlaybackSystem::init                     : 
[LOG] Thread::initThread                       : Init FMOD Studio sample load thread. Priority: 0, Stack Size: 65536, Semaphore: No, Sleep Time: 1, Looping: No.
[LOG] PlaybackSystem::init                     : done
[LOG] Thread::initThread                       : Init FMOD Studio bank load thread. Priority: 0, Stack Size: 65536, Semaphore: No, Sleep Time: 1, Looping: No.
[LOG] Manager::init                            : done.
[LOG] Manager::readBank                        : fileversion = 103, compatVersion = 99 (oldest = 44, newest = 103)
[LOG] SystemI::createSoundInternal             : Create name='', mode=0x02000202
[LOG] SystemI::createSoundInternal             : exinfo->cbsize             = 232
[LOG] SystemI::createSoundInternal             : exinfo->length             = 9227264
[LOG] SystemI::createSoundInternal             : exinfo->fileoffset         = 60064
[LOG] SystemI::createSoundInternal             : exinfo->numsubsounds       = 1
[LOG] SystemI::createSoundInternal             : exinfo->inclusionlist      = 000000005804F5CC
[LOG] SystemI::createSoundInternal             : exinfo->inclusionlistnum   = 1
[LOG] SystemI::createSoundInternal             : exinfo->suggestedsoundtype = 5
[LOG] SystemI::createSoundInternal             : exinfo->useropen           = 00007FFE48450D70
[LOG] SystemI::createSoundInternal             : exinfo->userclose          = 00007FFE48450D40
[LOG] SystemI::createSoundInternal             : exinfo->userread           = 00007FFE48450E40
[LOG] SystemI::createSoundInternal             : exinfo->userseek           = 00007FFE48450F00
[LOG] SystemI::createSoundInternal             : exinfo->fileuserdata       = 0000000066183068
[LOG] SystemI::createSoundInternal             : exinfo->initialseekpostype = 1
[LOG] SystemI::DSPCodecPoolRegister            : register codec pool for pool type 5
[LOG] SystemI::createSoundInternal             : Sample 0/1: name='Footstep_Grass', format=2, channels=2, frequency=48000, lengthbytes=125216, lengthpcm=464256, pcmblocksize=0, loopstart=0, loopend=0, mode=0x00000000, channelmask=0x00000000, channelorder=0, peakvolume=0.417877.
[LOG] SystemI::createSoundInternal             : Create name='', mode=0x02000202
[LOG] SystemI::createSoundInternal             : exinfo->cbsize             = 232
[LOG] SystemI::createSoundInternal             : exinfo->length             = 9227264
[LOG] SystemI::createSoundInternal             : exinfo->fileoffset         = 60064
[LOG] SystemI::createSoundInternal             : exinfo->numsubsounds       = 1
[LOG] SystemI::createSoundInternal             : exinfo->inclusionlist      = 000000005804F5CC
[LOG] SystemI::createSoundInternal             : exinfo->inclusionlistnum   = 1
[LOG] SystemI::createSoundInternal             : exinfo->suggestedsoundtype = 5
[LOG] SystemI::createSoundInternal             : exinfo->useropen           = 00007FFE48450D70
[LOG] SystemI::createSoundInternal             : exinfo->userclose          = 00007FFE48450D40
[LOG] SystemI::createSoundInternal             : exinfo->userread           = 00007FFE48450E40
[LOG] SystemI::createSoundInternal             : exinfo->userseek           = 00007FFE48450F00
[LOG] SystemI::createSoundInternal             : exinfo->fileuserdata       = 0000000066183068
[LOG] SystemI::createSoundInternal             : exinfo->initialseekpostype = 1
[LOG] SystemI::DSPCodecPoolRegister            : register codec pool for pool type 5
[LOG] SystemI::createSoundInternal             : Sample 0/1: name='Walking', format=2, channels=1, frequency=48000, lengthbytes=8064, lengthpcm=46393, pcmblocksize=0, loopstart=0, loopend=0, mode=0x00000000, channelmask=0x00000000, channelorder=0, peakvolume=0.555664.
[LOG] SystemI::createSoundInternal             : Create name='', mode=0x02000202
[LOG] SystemI::createSoundInternal             : exinfo->cbsize             = 232
[LOG] SystemI::createSoundInternal             : exinfo->length             = 9227264
[LOG] SystemI::createSoundInternal             : exinfo->fileoffset         = 60064
[LOG] SystemI::createSoundInternal             : exinfo->numsubsounds       = 1
[LOG] SystemI::createSoundInternal             : exinfo->inclusionlist      = 000000005804F5CC
[LOG] SystemI::createSoundInternal             : exinfo->inclusionlistnum   = 1
[LOG] SystemI::createSoundInternal             : exinfo->suggestedsoundtype = 5
[LOG] SystemI::createSoundInternal             : exinfo->useropen           = 00007FFE48450D70
[LOG] SystemI::createSoundInternal             : exinfo->userclose          = 00007FFE48450D40
[LOG] SystemI::createSoundInternal             : exinfo->userread           = 00007FFE48450E40
[LOG] SystemI::createSoundInternal             : exinfo->userseek           = 00007FFE48450F00
[LOG] SystemI::createSoundInternal             : exinfo->fileuserdata       = 0000000066183068
[LOG] SystemI::createSoundInternal             : exinfo->initialseekpostype = 1
[LOG] SystemI::DSPCodecPoolRegister            : register codec pool for pool type 5
[LOG] SystemI::createSoundInternal             : Sample 0/1: name='ButtonClick', format=2, channels=2, frequency=48000, lengthbytes=5664, lengthpcm=36864, pcmblocksize=0, loopstart=0, loopend=0, mode=0x00000000, channelmask=0x00000000, channelorder=0, peakvolume=0.316223.
[LOG] Manager::readBank                        : fileversion = 103, compatVersion = 99 (oldest = 44, newest = 103)
[LOG] SystemI::createSoundInternal             : Create name='', mode=0x02000202
[LOG] SystemI::createSoundInternal             : exinfo->cbsize             = 232
[LOG] SystemI::createSoundInternal             : exinfo->length             = 9227264
[LOG] SystemI::createSoundInternal             : exinfo->fileoffset         = 60064
[LOG] SystemI::createSoundInternal             : exinfo->numsubsounds       = 1
[LOG] SystemI::createSoundInternal             : exinfo->inclusionlist      = 000000005804F5CC
[LOG] SystemI::createSoundInternal             : exinfo->inclusionlistnum   = 1
[LOG] SystemI::createSoundInternal             : exinfo->suggestedsoundtype = 5
[LOG] SystemI::createSoundInternal             : exinfo->useropen           = 00007FFE48450D70
[LOG] SystemI::createSoundInternal             : exinfo->userclose          = 00007FFE48450D40
[LOG] SystemI::createSoundInternal             : exinfo->userread           = 00007FFE48450E40
[LOG] SystemI::createSoundInternal             : exinfo->userseek           = 00007FFE48450F00
[LOG] SystemI::createSoundInternal             : exinfo->fileuserdata       = 0000000068CA8048
[LOG] SystemI::createSoundInternal             : exinfo->initialseekpostype = 1
[LOG] SystemI::DSPCodecPoolRegister            : register codec pool for pool type 5
[LOG] SystemI::createSoundInternal             : Sample 0/1: name='Click', format=2, channels=2, frequency=48000, lengthbytes=3136, lengthpcm=13792, pcmblocksize=0, loopstart=0, loopend=0, mode=0x00000000, channelmask=0x00000000, channelorder=0, peakvolume=0.889893.
[LOG] Manager::readBank                        : fileversion = 103, compatVersion = 99 (oldest = 44, newest = 103)
[LOG] Manager::readBank                        : fileversion = 103, compatVersion = 99 (oldest = 44, newest = 103)
[LOG] Manager::readBank                        : fileversion = 103, compatVersion = 99 (oldest = 44, newest = 103)
[LOG] Manager::readBank                        : fileversion = 103, compatVersion = 99 (oldest = 44, newest = 103)
[LOG] PlaybackSystem::acquireMasterBus         : Setting master channel group format to 6
[LOG] SystemI::createSoundInternal             : Create name='', mode=0x02000202
[LOG] SystemI::createSoundInternal             : exinfo->cbsize             = 232
[LOG] SystemI::createSoundInternal             : exinfo->length             = 9227264
[LOG] SystemI::createSoundInternal             : exinfo->fileoffset         = 60064
[LOG] SystemI::createSoundInternal             : exinfo->numsubsounds       = 1
[LOG] SystemI::createSoundInternal             : exinfo->inclusionlist      = 000000005804F5CC
[LOG] SystemI::createSoundInternal             : exinfo->inclusionlistnum   = 1
[LOG] SystemI::createSoundInternal             : exinfo->suggestedsoundtype = 5
[LOG] SystemI::createSoundInternal             : exinfo->useropen           = 00007FFE48450D70
[LOG] SystemI::createSoundInternal             : exinfo->userclose          = 00007FFE48450D40
[LOG] SystemI::createSoundInternal             : exinfo->userread           = 00007FFE48450E40
[LOG] SystemI::createSoundInternal             : exinfo->userseek           = 00007FFE48450F00
[LOG] SystemI::createSoundInternal             : exinfo->fileuserdata       = 00000000681C9558
[LOG] SystemI::createSoundInternal             : exinfo->initialseekpostype = 1
[LOG] SystemI::DSPCodecPoolRegister            : register codec pool for pool type 5
[LOG] SystemI::createSoundInternal             : Sample 0/1: name='Yeah', format=2, channels=1, frequency=48000, lengthbytes=7104, lengthpcm=45403, pcmblocksize=0, loopstart=0, loopend=0, mode=0x00000000, channelmask=0x00000000, channelorder=0, peakvolume=0.291443.
[LOG] SystemI::createSoundInternal             : Create name='', mode=0x02000202
[LOG] SystemI::createSoundInternal             : exinfo->cbsize             = 232
[LOG] SystemI::createSoundInternal             : exinfo->length             = 9227264
[LOG] SystemI::createSoundInternal             : exinfo->fileoffset         = 60064
[LOG] SystemI::createSoundInternal             : exinfo->numsubsounds       = 1
[LOG] SystemI::createSoundInternal             : exinfo->inclusionlist      = 000000005804F5CC
[LOG] SystemI::createSoundInternal             : exinfo->inclusionlistnum   = 1
[LOG] SystemI::createSoundInternal             : exinfo->suggestedsoundtype = 5
[LOG] SystemI::createSoundInternal             : exinfo->useropen           = 00007FFE48450D70
[LOG] SystemI::createSoundInternal             : exinfo->userclose          = 00007FFE48450D40
[LOG] SystemI::createSoundInternal             : exinfo->userread           = 00007FFE48450E40
[LOG] SystemI::createSoundInternal             : exinfo->userseek           = 00007FFE48450F00
[LOG] SystemI::createSoundInternal             : exinfo->fileuserdata       = 0000000066180728
[LOG] SystemI::createSoundInternal             : exinfo->initialseekpostype = 1
[LOG] SystemI::DSPCodecPoolRegister            : register codec pool for pool type 5
[LOG] SystemI::createSoundInternal             : Sample 0/1: name='Sigh', format=2, channels=1, frequency=48000, lengthbytes=13952, lengthpcm=108544, pcmblocksize=0, loopstart=0, loopend=0, mode=0x00000000, channelmask=0x00000000, channelorder=0, peakvolume=0.108582.
[LOG] SoundI::release                          :  (0000000003CD8478)
[LOG] SoundI::release                          :     LakeSound (00000000228AA788)
[LOG] SoundI::release                          :  (000000006EFB7AA8)
[LOG] SoundI::release                          :     Fire (000000002287EA18)
[LOG] SoundI::release                          :  (000000006EFB74E8)
[LOG] SoundI::release                          :     FinalBossBattle (0000000022880418)
[LOG] SoundI::release                          :  (000000006EFB77C8)
[LOG] SoundI::release                          :     RuinTown (000000004255BA28)
[LOG] SoundI::release                          :  (000000006EFB6F28)
[LOG] SoundI::release                          :     AnotherWorldP (0000000022882158)
[LOG] SoundI::release                          :  (000000006EFB7098)
[LOG] SoundI::release                          :     field (000000002287E398)
[LOG] SoundI::release                          :  (0000000003CD8308)
[LOG] SoundI::release                          :     battle (0000000040128F68)
[LOG] SoundI::release                          :  (000000006EFB7C18)
[LOG] SoundI::release                          :     town (000000002287EBB8)
[LOG] SoundI::release                          :  (00000000155B6228)
[LOG] SoundI::release                          :     Click (000000006F240488)
[LOG] SoundI::release                          :  (0000000003CD8E88)
[LOG] SoundI::release                          :     Walking (00000000228A8A48)
[LOG] SoundI::release                          :  (0000000003CD88C8)
[LOG] SoundI::release                          :     Footstep_Grass (0000000040129448)
[LOG] SoundI::release                          :  (00000000155B60B8)
[LOG] SoundI::release                          :     Yeah (000000006F2402E8)
[LOG] SoundI::release                          :  (0000000003CD71C8)
[LOG] SoundI::release                          :     ButtonClick (000000004255BD68)
[LOG] SoundI::release                          :  (00000000155B6F18)
[LOG] SoundI::release                          :     Sigh (000000006F23D8A8)
[LOG] SoundI::release                          :  (000000006EFB7658)
[LOG] SoundI::release                          :     Suck (000000004255B888)
[LOG] Thread::callback                         : FMOD Studio update thread finished.
[LOG] Thread::callback                         : FMOD Studio bank load thread finished.
[LOG] Profile::disconnectAll                   : Profiler disconnecting all clients
[LOG] Thread::callback                         : FMOD Studio sample load thread finished.
[LOG] LiveUpdate::release                      : 
[LOG] LiveUpdate::reset                        : Reset connection (reason Disconnected)
[LOG] Thread::callback                         : FMOD stream thread finished.
[LOG] Thread::callback                         : FMOD mixer thread finished.
[LOG] Profile::disconnectAll                   : Profiler disconnecting all clients
[LOG] SystemI::close                           : Closed.
